c:\workbench\portfolio\winapi\trickster\project\defaultwindow\debug\vc143.pdb
c:\workbench\portfolio\winapi\trickster\project\defaultwindow\debug\vc143.idb
c:\workbench\portfolio\winapi\trickster\project\defaultwindow\debug\eventmgr.obj
c:\workbench\portfolio\winapi\trickster\project\defaultwindow\debug\equipinventory.obj
c:\workbench\portfolio\winapi\trickster\project\defaultwindow\debug\energypunch.obj
c:\workbench\portfolio\winapi\trickster\project\defaultwindow\debug\effectmgr.obj
c:\workbench\portfolio\winapi\trickster\project\defaultwindow\debug\dragon.obj
c:\workbench\portfolio\winapi\trickster\project\defaultwindow\debug\defaultwindow.obj
c:\workbench\portfolio\winapi\trickster\project\defaultwindow\debug\damagecount.obj
c:\workbench\portfolio\winapi\trickster\project\defaultwindow\debug\cuimonsterhpinfo.obj
c:\workbench\portfolio\winapi\trickster\project\defaultwindow\debug\controller.obj
c:\workbench\portfolio\winapi\trickster\project\defaultwindow\debug\collisionmgr.obj
c:\workbench\portfolio\winapi\trickster\project\defaultwindow\debug\citemmgr.obj
c:\workbench\portfolio\winapi\trickster\project\defaultwindow\debug\citemdatabase.obj
c:\workbench\portfolio\winapi\trickster\project\defaultwindow\debug\charactermpbar.obj
c:\workbench\portfolio\winapi\trickster\project\defaultwindow\debug\characterhpbar.obj
c:\workbench\portfolio\winapi\trickster\project\defaultwindow\debug\bmpmgr.obj
c:\workbench\portfolio\winapi\trickster\project\defaultwindow\debug\character.obj
c:\workbench\portfolio\winapi\trickster\project\defaultwindow\debug\ceffect.obj
c:\workbench\portfolio\winapi\trickster\project\defaultwindow\debug\button.obj
c:\workbench\portfolio\winapi\trickster\project\defaultwindow\debug\basicattack.obj
c:\workbench\portfolio\winapi\trickster\project\defaultwindow\debug\objmgr.obj
c:\workbench\portfolio\winapi\trickster\project\defaultwindow\debug\objitem.obj
c:\workbench\portfolio\winapi\trickster\project\defaultwindow\debug\obj.obj
c:\workbench\portfolio\winapi\trickster\project\defaultwindow\debug\npc.obj
c:\workbench\portfolio\winapi\trickster\project\defaultwindow\debug\mybmp.obj
c:\workbench\portfolio\winapi\trickster\project\defaultwindow\debug\mousemgr.obj
c:\workbench\portfolio\winapi\trickster\project\defaultwindow\debug\mouse.obj
c:\workbench\portfolio\winapi\trickster\project\defaultwindow\debug\monsterspawner.obj
c:\workbench\portfolio\winapi\trickster\project\defaultwindow\debug\characterdatabase.obj
c:\workbench\portfolio\winapi\trickster\project\defaultwindow\debug\monster.obj
c:\workbench\portfolio\winapi\trickster\project\defaultwindow\debug\maingame.obj
c:\workbench\portfolio\winapi\trickster\project\defaultwindow\debug\magma.obj
c:\workbench\portfolio\winapi\trickster\project\defaultwindow\debug\logo.obj
c:\workbench\portfolio\winapi\trickster\project\defaultwindow\debug\linemgr.obj
c:\workbench\portfolio\winapi\trickster\project\defaultwindow\debug\line.obj
c:\workbench\portfolio\winapi\trickster\project\defaultwindow\debug\keymgr.obj
c:\workbench\portfolio\winapi\trickster\project\defaultwindow\debug\iusable.obj
c:\workbench\portfolio\winapi\trickster\project\defaultwindow\debug\itemui.obj
c:\workbench\portfolio\winapi\trickster\project\defaultwindow\debug\item.obj
c:\workbench\portfolio\winapi\trickster\project\defaultwindow\debug\hud.obj
c:\workbench\portfolio\winapi\trickster\project\defaultwindow\debug\uiguageframe.obj
c:\workbench\portfolio\winapi\trickster\project\defaultwindow\debug\uiguagefill.obj
c:\workbench\portfolio\winapi\trickster\project\defaultwindow\debug\ui.obj
c:\workbench\portfolio\winapi\trickster\project\defaultwindow\debug\trippleattack.obj
c:\workbench\portfolio\winapi\trickster\project\defaultwindow\debug\town.obj
c:\workbench\portfolio\winapi\trickster\project\defaultwindow\debug\tilemgr.obj
c:\workbench\portfolio\winapi\trickster\project\defaultwindow\debug\tile.obj
c:\workbench\portfolio\winapi\trickster\project\defaultwindow\debug\soundmgr.obj
c:\workbench\portfolio\winapi\trickster\project\defaultwindow\debug\skillinventory.obj
c:\workbench\portfolio\winapi\trickster\project\defaultwindow\debug\skill.obj
c:\workbench\portfolio\winapi\trickster\project\defaultwindow\debug\scrollmgr.obj
c:\workbench\portfolio\winapi\trickster\project\defaultwindow\debug\scenemgr.obj
c:\workbench\portfolio\winapi\trickster\project\defaultwindow\debug\scene.obj
c:\workbench\portfolio\winapi\trickster\project\defaultwindow\debug\risingeffect.obj
c:\workbench\portfolio\winapi\trickster\project\defaultwindow\debug\portal.obj
c:\workbench\portfolio\winapi\trickster\project\defaultwindow\debug\player.obj
c:\workbench\portfolio\winapi\trickster\project\defaultwindow\debug\windowbasicbutton.obj
c:\workbench\portfolio\winapi\trickster\project\defaultwindow\debug\window.obj
c:\workbench\portfolio\winapi\trickster\project\defaultwindow\debug\uimgr.obj
c:\workbench\portfolio\winapi\trickster\project\defaultwindow\debug\uiinventory.obj
c:\workbench\portfolio\winapi\trickster\project\defaultwindow\debug\uiequipinventory.obj
c:\workbench\portfolio\winapi\trickster\project\defaultwindow\debug\uislot.obj
c:\workbench\portfolio\winapi\trickster\project\defaultwindow\debug\uiskillslot.obj
c:\workbench\portfolio\winapi\trickster\project\defaultwindow\debug\cuiskillinventory.obj
c:\workbench\portfolio\winapi\trickster\project\defaultwindow\debug\uiquickslot.obj
c:\workbench\portfolio\winapi\trickster\project\defaultwindow\debug\cuiquestwindow.obj
c:\workbench\portfolio\winapi\trickster\project\defaultwindow\debug\questmgr.obj
c:\workbench\portfolio\winapi\trickster\project\defaultwindow\debug\quest.obj
c:\workbench\portfolio\winapi\trickster\project\defaultwindow\debug\uinpcconversation.obj
c:\workbench\portfolio\winapi\trickster\project\defaultwindow\debug\uiquestrow.obj
c:\workbench\portfolio\winapi\trickster\project\defaultwindow\debug\drill.obj
c:\workbench\portfolio\winapi\trickster\project\defaultwindow\debug\dropmanager.obj
c:\workbench\portfolio\winapi\trickster\project\defaultwindow\debug\unarmoreddragon.obj
c:\workbench\portfolio\winapi\trickster\project\defaultwindow\debug\skillcrossbomb.obj
c:\workbench\portfolio\winapi\trickster\project\defaultwindow\debug\lava.obj
c:\workbench\portfolio\winapi\trickster\project\defaultwindow\debug\lavaeruption.obj
c:\workbench\portfolio\winapi\trickster\project\defaultwindow\debug\envobj.obj
c:\workbench\portfolio\winapi\trickster\project\defaultwindow\debug\road.obj
c:\workbench\portfolio\winapi\trickster\project\defaultwindow\debug\rythmgame.obj
c:\workbench\portfolio\winapi\trickster\project\defaultwindow\debug\rythmnotespawner.obj
c:\workbench\portfolio\winapi\trickster\project\defaultwindow\debug\copytrickster.pch
c:\workbench\portfolio\winapi\trickster\project\defaultwindow\debug\stdafx.obj
c:\workbench\portfolio\winapi\trickster\project\defaultwindow\debug\uiminimap.obj
c:\workbench\portfolio\winapi\trickster\project\defaultwindow\debug\skillslot.obj
c:\workbench\portfolio\winapi\trickster\project\debug\copytrickster.exe
c:\workbench\portfolio\winapi\trickster\project\debug\copytrickster.pdb
c:\workbench\portfolio\winapi\trickster\project\defaultwindow\debug\defaultwindow.res
c:\workbench\portfolio\winapi\trickster\project\defaultwindow\debug\copytrickster.ilk
c:\workbench\portfolio\winapi\trickster\project\defaultwindow\debug\corabeach.obj
c:\workbench\portfolio\winapi\trickster\project\defaultwindow\debug\objcrossbomb.obj
c:\workbench\portfolio\winapi\trickster\project\defaultwindow\debug\skillmgr.obj
c:\workbench\portfolio\winapi\trickster\project\defaultwindow\debug\button.obj.enc
c:\workbench\portfolio\winapi\trickster\project\defaultwindow\debug\character.obj.enc
c:\workbench\portfolio\winapi\trickster\project\defaultwindow\debug\characterdatabase.obj.enc
c:\workbench\portfolio\winapi\trickster\project\defaultwindow\debug\citemmgr.obj.enc
c:\workbench\portfolio\winapi\trickster\project\defaultwindow\debug\controller.obj.enc
c:\workbench\portfolio\winapi\trickster\project\defaultwindow\debug\cuiskillinventory.obj.enc
c:\workbench\portfolio\winapi\trickster\project\defaultwindow\debug\defaultwindow.obj.enc
c:\workbench\portfolio\winapi\trickster\project\defaultwindow\debug\dragon.obj.enc
c:\workbench\portfolio\winapi\trickster\project\defaultwindow\debug\dropmanager.obj.enc
c:\workbench\portfolio\winapi\trickster\project\defaultwindow\debug\effectmgr.obj.enc
c:\workbench\portfolio\winapi\trickster\project\defaultwindow\debug\energypunch.obj.enc
c:\workbench\portfolio\winapi\trickster\project\defaultwindow\debug\equipinventory.obj.enc
c:\workbench\portfolio\winapi\trickster\project\defaultwindow\debug\eventmgr.obj.enc
c:\workbench\portfolio\winapi\trickster\project\defaultwindow\debug\maingame.obj.enc
c:\workbench\portfolio\winapi\trickster\project\defaultwindow\debug\monster.obj.enc
c:\workbench\portfolio\winapi\trickster\project\defaultwindow\debug\player.obj.enc
c:\workbench\portfolio\winapi\trickster\project\defaultwindow\debug\portal.obj.enc
c:\workbench\portfolio\winapi\trickster\project\defaultwindow\debug\questmgr.obj.enc
c:\workbench\portfolio\winapi\trickster\project\defaultwindow\debug\rythmgame.obj.enc
c:\workbench\portfolio\winapi\trickster\project\defaultwindow\debug\rythmnotespawner.obj.enc
c:\workbench\portfolio\winapi\trickster\project\defaultwindow\debug\skill.obj.enc
c:\workbench\portfolio\winapi\trickster\project\defaultwindow\debug\town.obj.enc
c:\workbench\portfolio\winapi\trickster\project\defaultwindow\debug\uimgr.obj.enc
c:\workbench\portfolio\winapi\trickster\project\defaultwindow\debug\uinpcconversation.obj.enc
c:\workbench\portfolio\winapi\trickster\project\defaultwindow\debug\uiquickslot.obj.enc
c:\workbench\portfolio\winapi\trickster\project\defaultwindow\debug\uiskillslot.obj.enc
c:\workbench\portfolio\winapi\trickster\project\defaultwindow\debug\unarmoreddragon.obj.enc
c:\workbench\portfolio\winapi\trickster\project\defaultwindow\debug\copytrickster.tlog\cl.command.1.tlog
c:\workbench\portfolio\winapi\trickster\project\defaultwindow\debug\copytrickster.tlog\cl.items.tlog
c:\workbench\portfolio\winapi\trickster\project\defaultwindow\debug\copytrickster.tlog\cl.read.1.tlog
c:\workbench\portfolio\winapi\trickster\project\defaultwindow\debug\copytrickster.tlog\cl.write.1.tlog
c:\workbench\portfolio\winapi\trickster\project\defaultwindow\debug\copytrickster.tlog\link-cvtres.read.1.tlog
c:\workbench\portfolio\winapi\trickster\project\defaultwindow\debug\copytrickster.tlog\link-cvtres.write.1.tlog
c:\workbench\portfolio\winapi\trickster\project\defaultwindow\debug\copytrickster.tlog\link-rc.read.1.tlog
c:\workbench\portfolio\winapi\trickster\project\defaultwindow\debug\copytrickster.tlog\link-rc.write.1.tlog
c:\workbench\portfolio\winapi\trickster\project\defaultwindow\debug\copytrickster.tlog\link.21604-cvtres.read.1.tlog
c:\workbench\portfolio\winapi\trickster\project\defaultwindow\debug\copytrickster.tlog\link.21604-cvtres.write.1.tlog
c:\workbench\portfolio\winapi\trickster\project\defaultwindow\debug\copytrickster.tlog\link.21604-rc.read.1.tlog
c:\workbench\portfolio\winapi\trickster\project\defaultwindow\debug\copytrickster.tlog\link.21604-rc.write.1.tlog
c:\workbench\portfolio\winapi\trickster\project\defaultwindow\debug\copytrickster.tlog\link.21604.read.1.tlog
c:\workbench\portfolio\winapi\trickster\project\defaultwindow\debug\copytrickster.tlog\link.21604.write.1.tlog
c:\workbench\portfolio\winapi\trickster\project\defaultwindow\debug\copytrickster.tlog\link.command.1.tlog
c:\workbench\portfolio\winapi\trickster\project\defaultwindow\debug\copytrickster.tlog\link.read.1.tlog
c:\workbench\portfolio\winapi\trickster\project\defaultwindow\debug\copytrickster.tlog\link.secondary.1.tlog
c:\workbench\portfolio\winapi\trickster\project\defaultwindow\debug\copytrickster.tlog\link.write.1.tlog
c:\workbench\portfolio\winapi\trickster\project\defaultwindow\debug\copytrickster.tlog\rc.command.1.tlog
c:\workbench\portfolio\winapi\trickster\project\defaultwindow\debug\copytrickster.tlog\rc.read.1.tlog
c:\workbench\portfolio\winapi\trickster\project\defaultwindow\debug\copytrickster.tlog\rc.write.1.tlog
