C:\Program Files\Microsoft Visual Studio\2022\Community\MSBuild\Microsoft\VC\v170\Microsoft.CppBuild.targets(531,5): warning MSB8028: 중간 디렉터리(Debug\)에 다른 프로젝트(DefaultWindow.vcxproj)에서 공유하는 파일이 포함되어 있습니다.  이로 인해 잘못된 정리 및 다시 빌드 동작이 수행될 수 있습니다.
  MainGame.cpp
C:\Workbench\PortFolio\WinAPI\Trickster\Project\DefaultWindow\Obj.h(23,48): warning C4244: '=': 'int'에서 'float'(으)로 변환하면서 데이터가 손실될 수 있습니다.
  (소스 파일 '/MainGame.cpp'을(를) 컴파일하는 중)
  
C:\Workbench\PortFolio\WinAPI\Trickster\Project\DefaultWindow\Obj.h(24,48): warning C4244: '=': 'int'에서 'float'(으)로 변환하면서 데이터가 손실될 수 있습니다.
  (소스 파일 '/MainGame.cpp'을(를) 컴파일하는 중)
  
C:\Workbench\PortFolio\WinAPI\Trickster\Project\DefaultWindow\Obj.h(27,51): warning C4244: '=': 'int'에서 'float'(으)로 변환하면서 데이터가 손실될 수 있습니다.
  (소스 파일 '/MainGame.cpp'을(를) 컴파일하는 중)
  
C:\Workbench\PortFolio\WinAPI\Trickster\Project\DefaultWindow\Obj.h(28,50): warning C4244: '=': 'int'에서 'float'(으)로 변환하면서 데이터가 손실될 수 있습니다.
  (소스 파일 '/MainGame.cpp'을(를) 컴파일하는 중)
  
C:\Workbench\PortFolio\WinAPI\Trickster\Project\DefaultWindow\CItemMgr.h(5,7): warning C4099: 'CItem': 처음에는 'struct'을(를) 사용하여 형식 이름을 표시했는데 이제는 'class'을(를) 사용하여 표시합니다.
  (소스 파일 '/MainGame.cpp'을(를) 컴파일하는 중)
  C:\Workbench\PortFolio\WinAPI\Trickster\Project\DefaultWindow\Item.h(7,8):
  'CItem' 선언을 참조하십시오.
  
C:\Workbench\PortFolio\WinAPI\Trickster\Project\DefaultWindow\AbstractFactory.h(52,35): warning C4244: '인수': 'LONG'에서 'float'(으)로 변환하면서 데이터가 손실될 수 있습니다.
  (소스 파일 '/MainGame.cpp'을(를) 컴파일하는 중)
  C:\Workbench\PortFolio\WinAPI\Trickster\Project\DefaultWindow\AbstractFactory.h(52,35):
  템플릿 인스턴스화 컨텍스트(가장 오래된 인스턴스화 컨텍스트)가
  	C:\Workbench\PortFolio\WinAPI\Trickster\Project\DefaultWindow\MainGame.cpp(51,70):
  	컴파일되는 클래스 템플릿 인스턴스화 'CAbstractFactory<CPlayer>'에 대한 참조를 확인하세요.
  	C:\Workbench\PortFolio\WinAPI\Trickster\Project\DefaultWindow\AbstractFactory.h(47,21):
  	클래스 템플릿 멤버 함수 'CCharacter *CAbstractFactory<CPlayer>::Create(POINT,CHARACTER_DATA *)'을(를) 컴파일하는 중입니다.
  		C:\Workbench\PortFolio\WinAPI\Trickster\Project\DefaultWindow\MainGame.cpp(51,19):
  		'CMainGame::Initialize'에서 'CAbstractFactory<CPlayer>::Create'에 대한 첫 번째 참조를 확인하세요.
  
C:\Workbench\PortFolio\WinAPI\Trickster\Project\DefaultWindow\AbstractFactory.h(52,24): warning C4244: '인수': 'LONG'에서 'float'(으)로 변환하면서 데이터가 손실될 수 있습니다.
  (소스 파일 '/MainGame.cpp'을(를) 컴파일하는 중)
  
  DefaultWindow.vcxproj -> C:\Workbench\PortFolio\WinAPI\Trickster\Project\Debug\CopyTrickster.exe
